build/app/outputs/mapping/release/mapping.txt
# compiler: R8
# compiler_version: 1.5.68
# min_api: 21
# pg_map_id: 3f6eb2f
...
com.google.firebase.iid.zzaa -> com.google.firebase.iid.e:
    java.security.KeyPair zzby -> a
    long zzbz -> b
    java.security.KeyPair getKeyPair() -> a
    java.lang.String zza(com.google.firebase.iid.zzaa) -> a
    java.lang.String zzb(com.google.firebase.iid.zzaa) -> b
    java.lang.String zzv() -> b
    long zzc(com.google.firebase.iid.zzaa) -> c
    java.lang.String zzw() -> c
com.google.firebase.iid.zzab -> com.google.firebase.iid.f:
    android.content.Context zzag -> a
    com.google.firebase.iid.zzab zzca -> e
    com.google.firebase.iid.zzac zzcc -> c
    int zzcd -> d
    java.util.concurrent.ScheduledExecutorService zzcb -> b
    android.content.Context zza(com.google.firebase.iid.zzab) -> a
    com.google.android.gms.tasks.Task zza(com.google.firebase.iid.zzal) -> a
    com.google.android.gms.tasks.Task zzb(int,android.os.Bundle) -> a
    com.google.firebase.iid.zzab zzc(android.content.Context) -> a
    int zzx() -> a
    java.util.concurrent.ScheduledExecutorService zzb(com.google.firebase.iid.zzab) -> b
com.google.firebase.iid.zzac -> com.google.firebase.iid.g:
    android.os.Messenger zzce -> b
    com.google.firebase.iid.zzab zzci -> f
    java.util.Queue zzcg -> d
    android.util.SparseArray zzch -> e
    com.google.firebase.iid.zzaj zzcf -> c
    int state -> a
    void zza(int) -> a
    void zza(int,java.lang.String) -> a
    boolean zza(android.os.Message) -> a
    void zzaa() -> a
    boolean zzb(com.google.firebase.iid.zzal) -> a
    void zzz() -> b
    void zzy() -> c
com.google.firebase.iid.zzad -> com.google.firebase.iid.h:
com.google.firebase.iid.zzae -> com.google.firebase.iid.i:
    com.google.firebase.iid.zzac zzcj -> a
com.google.firebase.iid.zzaf -> com.google.firebase.iid.j:
    com.google.firebase.iid.zzac zzcj -> a
com.google.firebase.iid.zzag -> com.google.firebase.iid.k:
    com.google.firebase.iid.zzal zzck -> b
    com.google.firebase.iid.zzac zzcj -> a
com.google.firebase.iid.zzah -> com.google.firebase.iid.l:
    com.google.firebase.iid.zzac zzcj -> a
com.google.firebase.iid.zzaj -> com.google.firebase.iid.m:
    android.os.Messenger zzao -> a
    com.google.firebase.iid.zzm zzcl -> b
    void send(android.os.Message) -> a
com.google.firebase.iid.zzak -> com.google.firebase.iid.n:
    int errorCode -> a
    int getErrorCode() -> a
com.google.firebase.iid.zzal -> com.google.firebase.iid.o:
    android.os.Bundle zzco -> d
    int what -> c
    int zzcm -> a
    com.google.android.gms.tasks.TaskCompletionSource zzcn -> b
    void finish(java.lang.Object) -> a
    void zza(com.google.firebase.iid.zzak) -> a
    boolean zzab() -> a
    void zzb(android.os.Bundle) -> a
com.google.firebase.iid.zzam -> com.google.firebase.iid.p:
    android.content.Context zzag -> a
    int zzcr -> d
    int zzcs -> e
    java.lang.String zzcq -> c
    java.lang.String zzcp -> b
    java.lang.String zza(com.google.firebase.FirebaseApp) -> a
    java.lang.String zza(java.security.KeyPair) -> a
    int zzac() -> a
    android.content.pm.PackageInfo zze(java.lang.String) -> a
    java.lang.String zzad() -> b
    java.lang.String zzae() -> c
    int zzaf() -> d
    void zzag() -> e
com.google.firebase.iid.zzan -> com.google.firebase.iid.q:
    boolean zzab() -> a
    void zzb(android.os.Bundle) -> a
com.google.firebase.iid.zzao -> com.google.firebase.iid.r:
    com.google.firebase.components.ComponentFactory zzct -> a
    java.lang.Object create(com.google.firebase.components.ComponentContainer) -> a
com.google.firebase.iid.zzap -> com.google.firebase.iid.s:
    com.google.firebase.components.ComponentFactory zzct -> a
    java.lang.Object create(com.google.firebase.components.ComponentContainer) -> a
com.google.firebase.iid.zzaq -> com.google.firebase.iid.t:
    android.util.Pair zzcw -> b
    com.google.firebase.iid.zzar zzcv -> a
    java.lang.Object then(com.google.android.gms.tasks.Task) -> a